<?xml version="1.0" encoding="UTF-8"?>
<testng-results ignored="0" total="1" passed="1" failed="0" skipped="0">
  <reporter-output>
  </reporter-output>
  <suite started-at="2024-05-10T15:37:42 IST" name="Suite" finished-at="2024-05-10T15:37:45 IST" duration-ms="2193">
    <groups>
    </groups>
    <test started-at="2024-05-10T15:37:42 IST" name="Test" finished-at="2024-05-10T15:37:45 IST" duration-ms="2193">
      <class name="Response.DQG_Response">
        <test-method signature="Login_and_ConnectionList()[pri:0, instance:Response.DQG_Response@1972e513]" started-at="2024-05-10T15:37:42 IST" name="Login_and_ConnectionList" finished-at="2024-05-10T15:37:44 IST" duration-ms="2149" status="PASS">
          <reporter-output>
          </reporter-output>
        </test-method> <!-- Login_and_ConnectionList -->
      </class> <!-- Response.DQG_Response -->
    </test> <!-- Test -->
  </suite> <!-- Suite -->
</testng-results>
